<?xml version="1.0" encoding="UTF-8"?>
<!-- Generated by org.testng.reporters.JUnitReportReporter -->
<testsuite hostname="Tushars-MacBook-Pro.local" failures="0" tests="2" name="com.qaBootcamp.tests.LoginPageTests" time="5.505" errors="0" timestamp="15 Nov 2022 03:42:05 GMT" skipped="0">
  <testcase classname="com.qaBootcamp.tests.LoginPageTests" name="test2" time="2.037"/>
  <testcase classname="com.qaBootcamp.tests.LoginPageTests" name="test1" time="3.468"/>
</testsuite> <!-- com.qaBootcamp.tests.LoginPageTests -->
